<?xml version="1.0" encoding="UTF-8"?>
<!-- Generated by org.testng.reporters.JUnitXMLReporter -->
<testsuite hostname="priya.bajwa" ignored="0" name="Chrome" tests="5" failures="0" timestamp="07 Mar 2019 12:27:20 GMT" time="4.857" errors="0">
  <testcase name="boxColourCheck" time="0.253" classname="org.pages.tatoc.FrameDungeon"/>
  <testcase name="clickRepaintBox2" time="0.166" classname="org.pages.tatoc.FrameDungeon"/>
  <testcase name="proceedAfterRepaint" time="0.175" classname="org.pages.tatoc.FrameDungeon"/>
  <testcase name="opensNextPage" time="0.133" classname="org.pages.tatoc.GridGate"/>
  <testcase name="proceedToErrorPage" time="0.083" classname="org.pages.tatoc.GridGate"/>
</testsuite> <!-- Chrome -->
