<?xml version="1.0" encoding="UTF-8"?>
<!-- Generated by org.testng.reporters.JUnitXMLReporter -->
<testsuite hostname="priya.bajwa" ignored="0" name="Chrome1" tests="7" failures="0" timestamp="07 Mar 2019 12:27:15 GMT" time="5.033" errors="0">
  <testcase name="cookieDirectProceed" time="0.098" classname="org.pages.tatoc.CookieHandling"/>
  <testcase name="cookieGenerateTokenAndProceed" time="0.105" classname="org.pages.tatoc.CookieHandling"/>
  <testcase name="cookieSetProperly" time="0.134" classname="org.pages.tatoc.CookieHandling"/>
  <testcase name="directlyProceed" time="0.105" classname="org.pages.tatoc.PopupWindows"/>
  <testcase name="launchPopupWindow" time="0.088" classname="org.pages.tatoc.PopupWindows"/>
  <testcase name="launchPopupWithoutValue" time="0.211" classname="org.pages.tatoc.PopupWindows"/>
  <testcase name="popUpWindowWithValue" time="0.209" classname="org.pages.tatoc.PopupWindows"/>
</testsuite> <!-- Chrome1 -->
